c:\users\theminingboy\desktop\baserisk\files\source\client\winquake\handmadequake\release\chase.obj
c:\users\theminingboy\desktop\baserisk\files\source\client\winquake\handmadequake\release\cl_tent.obj
c:\users\theminingboy\desktop\baserisk\files\source\client\winquake\handmadequake\release\cmd.obj
c:\users\theminingboy\desktop\baserisk\files\source\client\winquake\handmadequake\release\crc.obj
c:\users\theminingboy\desktop\baserisk\files\source\client\winquake\handmadequake\release\draw.obj
c:\users\theminingboy\desktop\baserisk\files\source\client\winquake\handmadequake\release\d_fill.obj
c:\users\theminingboy\desktop\baserisk\files\source\client\winquake\handmadequake\release\d_part.obj
c:\users\theminingboy\desktop\baserisk\files\source\client\winquake\handmadequake\release\d_sky.obj
c:\users\theminingboy\desktop\baserisk\files\source\client\winquake\handmadequake\release\host.obj
c:\users\theminingboy\desktop\baserisk\files\source\client\winquake\handmadequake\release\mathlib.obj
c:\users\theminingboy\desktop\baserisk\files\source\client\winquake\handmadequake\release\net_dgrm.obj
c:\users\theminingboy\desktop\baserisk\files\source\client\winquake\handmadequake\release\pr_cmds.obj
c:\users\theminingboy\desktop\baserisk\files\source\client\winquake\handmadequake\release\pr_exec.obj
c:\users\theminingboy\desktop\baserisk\files\source\client\winquake\handmadequake\release\r_alias.obj
c:\users\theminingboy\desktop\baserisk\files\source\client\winquake\handmadequake\release\r_edge.obj
c:\users\theminingboy\desktop\baserisk\files\source\client\winquake\handmadequake\release\r_main.obj
c:\users\theminingboy\desktop\baserisk\files\source\client\winquake\handmadequake\release\r_sky.obj
c:\users\theminingboy\desktop\baserisk\files\source\client\winquake\handmadequake\release\sbar.obj
c:\users\theminingboy\desktop\baserisk\files\source\client\winquake\handmadequake\release\snd_mix.obj
c:\users\theminingboy\desktop\baserisk\files\source\client\winquake\handmadequake\release\view.obj
c:\users\theminingboy\desktop\baserisk\files\source\client\winquake\handmadequake\release\world.obj
c:\users\theminingboy\desktop\baserisk\files\source\client\winquake\handmadequake\release\cd_win.obj
c:\users\theminingboy\desktop\baserisk\files\source\client\winquake\handmadequake\release\console.obj
c:\users\theminingboy\desktop\baserisk\files\source\client\winquake\handmadequake\release\d_edge.obj
c:\users\theminingboy\desktop\baserisk\files\source\client\winquake\handmadequake\release\d_modech.obj
c:\users\theminingboy\desktop\baserisk\files\source\client\winquake\handmadequake\release\d_polyse.obj
c:\users\theminingboy\desktop\baserisk\files\source\client\winquake\handmadequake\release\d_surf.obj
c:\users\theminingboy\desktop\baserisk\files\source\client\winquake\handmadequake\release\host_cmd.obj
c:\users\theminingboy\desktop\baserisk\files\source\client\winquake\handmadequake\release\menu.obj
c:\users\theminingboy\desktop\baserisk\files\source\client\winquake\handmadequake\release\nonintel.obj
c:\users\theminingboy\desktop\baserisk\files\source\client\winquake\handmadequake\release\pr_edict.obj
c:\users\theminingboy\desktop\baserisk\files\source\client\winquake\handmadequake\release\r_aclip.obj
c:\users\theminingboy\desktop\baserisk\files\source\client\winquake\handmadequake\release\r_bsp.obj
c:\users\theminingboy\desktop\baserisk\files\source\client\winquake\handmadequake\release\r_efrag.obj
c:\users\theminingboy\desktop\baserisk\files\source\client\winquake\handmadequake\release\r_misc.obj
c:\users\theminingboy\desktop\baserisk\files\source\client\winquake\handmadequake\release\r_surf.obj
c:\users\theminingboy\desktop\baserisk\files\source\client\winquake\handmadequake\release\snd_mem.obj
c:\users\theminingboy\desktop\baserisk\files\source\client\winquake\handmadequake\release\sv_main.obj
c:\users\theminingboy\desktop\baserisk\files\source\client\winquake\handmadequake\release\sv_move.obj
c:\users\theminingboy\desktop\baserisk\files\source\client\winquake\handmadequake\release\sv_phys.obj
c:\users\theminingboy\desktop\baserisk\files\source\client\winquake\handmadequake\release\sv_user.obj
c:\users\theminingboy\desktop\baserisk\files\source\client\winquake\handmadequake\release\sys_win.obj
c:\users\theminingboy\desktop\baserisk\files\source\client\winquake\handmadequake\release\cl_demo.obj
c:\users\theminingboy\desktop\baserisk\files\source\client\winquake\handmadequake\release\cl_parse.obj
c:\users\theminingboy\desktop\baserisk\files\source\client\winquake\handmadequake\release\conproc.obj
c:\users\theminingboy\desktop\baserisk\files\source\client\winquake\handmadequake\release\d_vars.obj
c:\users\theminingboy\desktop\baserisk\files\source\client\winquake\handmadequake\release\in_win.obj
c:\users\theminingboy\desktop\baserisk\files\source\client\winquake\handmadequake\release\net_wins.obj
c:\users\theminingboy\desktop\baserisk\files\source\client\winquake\handmadequake\release\r_draw.obj
c:\users\theminingboy\desktop\baserisk\files\source\client\winquake\handmadequake\release\r_light.obj
c:\users\theminingboy\desktop\baserisk\files\source\client\winquake\handmadequake\release\r_sprite.obj
c:\users\theminingboy\desktop\baserisk\files\source\client\winquake\handmadequake\release\r_vars.obj
c:\users\theminingboy\desktop\baserisk\files\source\client\winquake\handmadequake\release\snd_dma.obj
c:\users\theminingboy\desktop\baserisk\files\source\client\winquake\handmadequake\release\vid_win.obj
c:\users\theminingboy\desktop\baserisk\files\source\client\winquake\handmadequake\release\cl_input.obj
c:\users\theminingboy\desktop\baserisk\files\source\client\winquake\handmadequake\release\cl_main.obj
c:\users\theminingboy\desktop\baserisk\files\source\client\winquake\handmadequake\release\common.obj
c:\users\theminingboy\desktop\baserisk\files\source\client\winquake\handmadequake\release\cvar.obj
c:\users\theminingboy\desktop\baserisk\files\source\client\winquake\handmadequake\release\d_init.obj
c:\users\theminingboy\desktop\baserisk\files\source\client\winquake\handmadequake\release\d_scan.obj
c:\users\theminingboy\desktop\baserisk\files\source\client\winquake\handmadequake\release\d_sprite.obj
c:\users\theminingboy\desktop\baserisk\files\source\client\winquake\handmadequake\release\d_zpoint.obj
c:\users\theminingboy\desktop\baserisk\files\source\client\winquake\handmadequake\release\keys.obj
c:\users\theminingboy\desktop\baserisk\files\source\client\winquake\handmadequake\release\model.obj
c:\users\theminingboy\desktop\baserisk\files\source\client\winquake\handmadequake\release\net_loop.obj
c:\users\theminingboy\desktop\baserisk\files\source\client\winquake\handmadequake\release\net_main.obj
c:\users\theminingboy\desktop\baserisk\files\source\client\winquake\handmadequake\release\net_vcr.obj
c:\users\theminingboy\desktop\baserisk\files\source\client\winquake\handmadequake\release\net_win.obj
c:\users\theminingboy\desktop\baserisk\files\source\client\winquake\handmadequake\release\net_wipx.obj
c:\users\theminingboy\desktop\baserisk\files\source\client\winquake\handmadequake\release\r_part.obj
c:\users\theminingboy\desktop\baserisk\files\source\client\winquake\handmadequake\release\screen.obj
c:\users\theminingboy\desktop\baserisk\files\source\client\winquake\handmadequake\release\snd_win.obj
c:\users\theminingboy\desktop\baserisk\files\source\client\winquake\handmadequake\release\wad.obj
c:\users\theminingboy\desktop\baserisk\files\source\client\winquake\handmadequake\release\zone.obj
c:\users\theminingboy\desktop\baserisk\files\source\client\winquake\handmadequake\release\vc142.pdb
c:\users\theminingboy\desktop\baserisk\files\source\client\winquake\handmadequake\release\handmadequake.ipdb
c:\users\theminingboy\desktop\baserisk\files\source\client\winquake\handmadequake\release\handmadequake.iobj
c:\users\theminingboy\desktop\baserisk\files\source\client\winquake\handmadequake\release\handmadequake.exe
c:\users\theminingboy\desktop\baserisk\files\source\client\winquake\handmadequake\release\handmadequake.pdb
c:\users\theminingboy\desktop\baserisk\files\source\client\winquake\handmadequake\release\handmadequake.tlog\cl.10260.write.1.tlog
c:\users\theminingboy\desktop\baserisk\files\source\client\winquake\handmadequake\release\handmadequake.tlog\cl.command.1.tlog
c:\users\theminingboy\desktop\baserisk\files\source\client\winquake\handmadequake\release\handmadequake.tlog\cl.read.1.tlog
c:\users\theminingboy\desktop\baserisk\files\source\client\winquake\handmadequake\release\handmadequake.tlog\handmadequake.write.1u.tlog
c:\users\theminingboy\desktop\baserisk\files\source\client\winquake\handmadequake\release\handmadequake.tlog\link.command.1.tlog
c:\users\theminingboy\desktop\baserisk\files\source\client\winquake\handmadequake\release\handmadequake.tlog\link.read.1.tlog
c:\users\theminingboy\desktop\baserisk\files\source\client\winquake\handmadequake\release\handmadequake.tlog\link.write.1.tlog
c:\users\theminingboy\desktop\baserisk\files\source\client\winquake\handmadequake\release\handmadequake.tlog\rc.command.1.tlog
c:\users\theminingboy\desktop\baserisk\files\source\client\winquake\handmadequake\release\handmadequake.tlog\rc.read.1.tlog
c:\users\theminingboy\desktop\baserisk\files\source\client\winquake\handmadequake\release\handmadequake.tlog\rc.write.1.tlog
