  cd_win.c
  chase.c
  cl_demo.c
  cl_input.c
  cl_main.c
  cl_parse.c
  cl_tent.c
  cmd.c
  common.c
  conproc.c
  console.c
  crc.c
  cvar.c
  draw.c
  d_edge.c
  d_fill.c
  d_init.c
  d_modech.c
  d_part.c
  d_polyse.c
  Generating Code...
  Compiling...
  d_scan.c
  d_sky.c
  d_sprite.c
  d_surf.c
  d_vars.c
  d_zpoint.c
  host.c
  host_cmd.c
  in_win.c
  C:\Program Files (x86)\Windows Kits\10\Include\10.0.18362.0\um\dinput.h: DIRECTINPUT_VERSION undefined. Defaulting to version 0x0800
C:\Users\TheMiningBoy\Desktop\Baserisk\Files\Source\Client\WinQuake\winquake.h(31,10): fatal error C1083: Cannot open include file: 'mgraph.h': No such file or directory
  keys.c
  mathlib.c
  menu.c
C:\Users\TheMiningBoy\Desktop\Baserisk\Files\Source\Client\WinQuake\winquake.h(31,10): fatal error C1083: Cannot open include file: 'mgraph.h': No such file or directory
  model.c
  net_dgrm.c
  net_loop.c
  net_main.c
  net_vcr.c
  net_win.c
  net_wins.c
C:\Users\TheMiningBoy\Desktop\Baserisk\Files\Source\Client\WinQuake\winquake.h(31,10): fatal error C1083: Cannot open include file: 'mgraph.h': No such file or directory
  net_wipx.c
C:\Users\TheMiningBoy\Desktop\Baserisk\Files\Source\Client\WinQuake\winquake.h(31,10): fatal error C1083: Cannot open include file: 'mgraph.h': No such file or directory
  Generating Code...
  Compiling...
  nonintel.c
  pr_cmds.c
  pr_edict.c
  pr_exec.c
  r_aclip.c
  r_alias.c
  r_bsp.c
  r_draw.c
  r_edge.c
  r_efrag.c
  r_light.c
  r_main.c
  r_misc.c
  r_part.c
  r_sky.c
  r_sprite.c
  r_surf.c
  r_vars.c
  sbar.c
  screen.c
C:\Users\TheMiningBoy\Desktop\Baserisk\Files\Source\Client\WinQuake\screen.c(433,43): warning C4047: 'function': 'int' differs in levels of indirection from 'qpic_t *'
C:\Users\TheMiningBoy\Desktop\Baserisk\Files\Source\Client\WinQuake\screen.c(433,40): warning C4024: 'Draw_Fill': different types for formal and actual parameter 5
  Generating Code...
  Compiling...
  snd_dma.c
C:\Users\TheMiningBoy\Desktop\Baserisk\Files\Source\Client\WinQuake\winquake.h(31,10): fatal error C1083: Cannot open include file: 'mgraph.h': No such file or directory
  snd_mem.c
  snd_mix.c
C:\Users\TheMiningBoy\Desktop\Baserisk\Files\Source\Client\WinQuake\winquake.h(31,10): fatal error C1083: Cannot open include file: 'mgraph.h': No such file or directory
  snd_win.c
C:\Users\TheMiningBoy\Desktop\Baserisk\Files\Source\Client\WinQuake\winquake.h(31,10): fatal error C1083: Cannot open include file: 'mgraph.h': No such file or directory
  sv_main.c
  sv_move.c
  sv_phys.c
  sv_user.c
  sys_win.c
C:\Users\TheMiningBoy\Desktop\Baserisk\Files\Source\Client\WinQuake\winquake.h(31,10): fatal error C1083: Cannot open include file: 'mgraph.h': No such file or directory
  vid_win.c
C:\Users\TheMiningBoy\Desktop\Baserisk\Files\Source\Client\WinQuake\winquake.h(31,10): fatal error C1083: Cannot open include file: 'mgraph.h': No such file or directory
  view.c
  wad.c
  world.c
  zone.c
  Generating Code...
